/opt/miniconda3/envs/cortexode/lib/python3.7/site-packages/torch/cuda/memory.py:354: FutureWarning: torch.cuda.max_memory_cached has been renamed to torch.cuda.max_memory_reserved
  FutureWarning)
/opt/miniconda3/envs/cortexode/lib/python3.7/site-packages/torch/cuda/memory.py:346: FutureWarning: torch.cuda.memory_cached has been renamed to torch.cuda.memory_reserved
  FutureWarning)
usage: eval.py [-h] [--data_dir DATA_DIR] [--model_dir MODEL_DIR]
               [--data_name DATA_NAME] [--train_type TRAIN_TYPE]
               [--surf_type SURF_TYPE] [--surf_hemi SURF_HEMI]
               [--device DEVICE] [--tag TAG] [--solver SOLVER]
               [--step_size STEP_SIZE] [--lambd LAMBD] [--n_inflate N_INFLATE]
               [--rho RHO] [--n_epochs N_EPOCHS] [--n_samples N_SAMPLES]
               [--lr LR] [--kernel_size KERNEL_SIZE] [--dim_h DIM_H]
               [--n_scale N_SCALE]
eval.py: error: unrecognized arguments: --test_type=init --init_dir=/cortexode/ckpts/experiment_3/init/train/
/opt/miniconda3/envs/cortexode/lib/python3.7/site-packages/torch/cuda/memory.py:354: FutureWarning: torch.cuda.max_memory_cached has been renamed to torch.cuda.max_memory_reserved
  FutureWarning)
/opt/miniconda3/envs/cortexode/lib/python3.7/site-packages/torch/cuda/memory.py:346: FutureWarning: torch.cuda.memory_cached has been renamed to torch.cuda.memory_reserved
  FutureWarning)
usage: eval.py [-h] [--data_dir DATA_DIR] [--model_dir MODEL_DIR]
               [--data_name DATA_NAME] [--train_type TRAIN_TYPE]
               [--surf_type SURF_TYPE] [--surf_hemi SURF_HEMI]
               [--device DEVICE] [--tag TAG] [--solver SOLVER]
               [--step_size STEP_SIZE] [--lambd LAMBD] [--n_inflate N_INFLATE]
               [--rho RHO] [--n_epochs N_EPOCHS] [--n_samples N_SAMPLES]
               [--lr LR] [--kernel_size KERNEL_SIZE] [--dim_h DIM_H]
               [--n_scale N_SCALE]
eval.py: error: unrecognized arguments: --test_type=init --init_dir=/cortexode/ckpts/experiment_3/init/valid/
